<?xml version="1.0" encoding="UTF-8"?>
<testsuite xmlns:xsi="http://www.w3.org/2001/XMLSchema-instance" xsi:noNamespaceSchemaLocation="https://maven.apache.org/surefire/maven-surefire-plugin/xsd/surefire-test-report-3.0.xsd" version="3.0" name="tn.esprit.rh.achat.services.ProduitServiceTest" time="0.037" tests="1" errors="0" skipped="0" failures="0">
  <properties>
[...]
</properties>
  <testcase name="testRetrieveAllUsers" classname="tn.esprit.rh.achat.services.ProduitServiceTest" time="0.024">
    <system-out><![CDATA[2022-11-13 23:28:11 - INFO  - o.s.boot.test.context.SpringBootTestContextBootstrapper - Neither @ContextConfiguration nor @ContextHierarchy found for test class [tn.esprit.rh.achat.services.ProduitServiceTest], using SpringBootContextLoader
2022-11-13 23:28:11 - INFO  - o.springframework.test.context.support.AbstractContextLoader - Could not detect default resource locations for test class [tn.esprit.rh.achat.services.ProduitServiceTest]: no resource found for suffixes {-context.xml, Context.groovy}.
2022-11-13 23:28:11 - INFO  - o.s.test.context.support.AnnotationConfigContextLoaderUtils - Could not detect default configuration classes for test class [tn.esprit.rh.achat.services.ProduitServiceTest]: ProduitServiceTest does not declare any static, non-private, non-final, nested classes annotated with @Configuration.
2022-11-13 23:28:11 - INFO  - o.s.boot.test.context.SpringBootTestContextBootstrapper - Found @SpringBootConfiguration tn.esprit.rh.achat.AchatApplication for test class tn.esprit.rh.achat.services.ProduitServiceTest
2022-11-13 23:28:11 - INFO  - o.s.boot.test.context.SpringBootTestContextBootstrapper - Loaded default TestExecutionListener class names from location [META-INF/spring.factories]: [org.springframework.boot.test.mock.mockito.MockitoTestExecutionListener, org.springframework.boot.test.mock.mockito.ResetMocksTestExecutionListener, org.springframework.boot.test.autoconfigure.restdocs.RestDocsTestExecutionListener, org.springframework.boot.test.autoconfigure.web.client.MockRestServiceServerResetTestExecutionListener, org.springframework.boot.test.autoconfigure.web.servlet.MockMvcPrintOnlyOnFailureTestExecutionListener, org.springframework.boot.test.autoconfigure.web.servlet.WebDriverTestExecutionListener, org.springframework.boot.test.autoconfigure.webservices.client.MockWebServiceServerTestExecutionListener, org.springframework.test.context.web.ServletTestExecutionListener, org.springframework.test.context.support.DirtiesContextBeforeModesTestExecutionListener, org.springframework.test.context.event.ApplicationEventsTestExecutionListener, org.springframework.test.context.support.DependencyInjectionTestExecutionListener, org.springframework.test.context.support.DirtiesContextTestExecutionListener, org.springframework.test.context.transaction.TransactionalTestExecutionListener, org.springframework.test.context.jdbc.SqlScriptsTestExecutionListener, org.springframework.test.context.event.EventPublishingTestExecutionListener]
2022-11-13 23:28:11 - INFO  - o.s.boot.test.context.SpringBootTestContextBootstrapper - Using TestExecutionListeners: [org.springframework.test.context.web.ServletTestExecutionListener@3b4f3c47, org.springframework.test.context.support.DirtiesContextBeforeModesTestExecutionListener@522b4e52, org.springframework.test.context.event.ApplicationEventsTestExecutionListener@13fb6220, org.springframework.boot.test.mock.mockito.MockitoTestExecutionListener@238e156, org.springframework.boot.test.autoconfigure.SpringBootDependencyInjectionTestExecutionListener@40575852, org.springframework.test.context.support.DirtiesContextTestExecutionListener@4806d7d4, org.springframework.test.context.transaction.TransactionalTestExecutionListener@245696, org.springframework.test.context.jdbc.SqlScriptsTestExecutionListener@45532595, org.springframework.test.context.event.EventPublishingTestExecutionListener@3f3c60a5, org.springframework.boot.test.mock.mockito.ResetMocksTestExecutionListener@41faa8e1, org.springframework.boot.test.autoconfigure.restdocs.RestDocsTestExecutionListener@63c8d6ae, org.springframework.boot.test.autoconfigure.web.client.MockRestServiceServerResetTestExecutionListener@3feb38cf, org.springframework.boot.test.autoconfigure.web.servlet.MockMvcPrintOnlyOnFailureTestExecutionListener@630e5edf, org.springframework.boot.test.autoconfigure.web.servlet.WebDriverTestExecutionListener@77274fff, org.springframework.boot.test.autoconfigure.webservices.client.MockWebServiceServerTestExecutionListener@52ff8a13]
Hibernate: select produit0_.id_produit as id_produ1_8_, produit0_.categorie_produit_id_categorie_produit as categori7_8_, produit0_.code_produit as code_pro2_8_, produit0_.date_creation as date_cre3_8_, produit0_.date_derniere_modification as date_der4_8_, produit0_.libelle_produit as libelle_5_8_, produit0_.prix as prix6_8_, produit0_.stock_id_stock as stock_id8_8_ from produit produit0_
]]></system-out>
  </testcase>
</testsuite>